<?xml version="1.0" encoding="UTF-8"?>
<testsuites name="NTEG Demo Test Suite" time="56" tests="0" failures="4" errors="0">
   <testsuite name="NTEG Demo Test Suite" tests="0" failures="4" errors="0" time="56" timestamp="2018-07-12 14:01:14" hostname="anamikamukhopadhyay - Anamika4735.Nagarro.local" id="Test Suites/NTEG Demo Test Suite">
      <properties>
         <property name="deviceName" value=""/>
         <property name="devicePlatform" value=""/>
         <property name="logFolder" value="C:\\Users\\anamikamukhopadhyay\\Katalon Studio\\Demo_NTEG\\Reports\\NTEG Demo Test Suite\\20180712_140112"/>
         <property name="logFiles" value="C:\\Users\\anamikamukhopadhyay\\Katalon Studio\\Demo_NTEG\\Reports\\NTEG Demo Test Suite\\20180712_140112\\execution0.log"/>
         <property name="attachments" value="C:\\Users\\anamikamukhopadhyay\\Katalon Studio\\Demo_NTEG\\Reports\\NTEG Demo Test Suite\\20180712_140112\\1531384286793.png, C:\\Users\\anamikamukhopadhyay\\Katalon Studio\\Demo_NTEG\\Reports\\NTEG Demo Test Suite\\20180712_140112\\1531384300660.png, C:\\Users\\anamikamukhopadhyay\\Katalon Studio\\Demo_NTEG\\Reports\\NTEG Demo Test Suite\\20180712_140112\\1531384313416.png, C:\\Users\\anamikamukhopadhyay\\Katalon Studio\\Demo_NTEG\\Reports\\NTEG Demo Test Suite\\20180712_140112\\1531384327743.png"/>
         <property name="hostName" value="anamikamukhopadhyay - Anamika4735.Nagarro.local"/>
         <property name="os" value="Windows 7 64bit"/>
         <property name="katalonVersion" value="5.4.2.1"/>
         <property name="browser" value="Firefox 49.0"/>
         <property name="hostAddress" value="10.175.28.38"/>
         <property name="sessionId" value="d6b608f6-49db-4d78-b303-e7f6f56f6ad1"/>
         <property name="seleniumVersion" value="3.7.1"/>
         <property name="proxyInformation" value="ProxyInformation{proxyOption=NO_PROXY, proxyServerType=HTTP, password=, proxyServerAddress=, proxyServerPort=0}"/>
         <property name="platform" value="Windows 7"/>
      </properties>
      <testcase name="Test Cases/NTEG Demo Test Cases/Alert Test Case/AlertPopup" classname="Test Cases/NTEG Demo Test Cases/Alert Test Case/AlertPopup" status="FAILED">
         <failure type="FAILED" message="Unable to set text (Root cause: java.lang.IllegalArgumentException: Object is null)"/>
         <system-out><![CDATA[2018-07-12 14:01:15 - [TEST_CASE][FAILED] - Test Cases/NTEG Demo Test Cases/Alert Test Case/AlertPopup: Test Cases/NTEG Demo Test Cases/Alert Test Case/AlertPopup FAILED because (of) Unable to set text (Root cause: java.lang.IllegalArgumentException: Object is null)

2018-07-12 14:01:15 - [TEST_STEP][PASSED] - openBrowser: Browser is opened with url: ''

2018-07-12 14:01:23 - [MESSAGE][PASSED] - Browser is opened with url: ''

2018-07-12 14:01:23 - [TEST_STEP][PASSED] - navigateToUrl: Navigate to 'http://demo.guru99.com/test/delete_customer.php' successfully

2018-07-12 14:01:26 - [MESSAGE][PASSED] - Navigate to 'http://demo.guru99.com/test/delete_customer.php' successfully

2018-07-12 14:01:26 - [TEST_STEP][FAILED] - setText: Unable to set text (Root cause: java.lang.IllegalArgumentException: Object is null)

2018-07-12 14:01:26 - [MESSAGE][WARNING] - Test object with id 'Object Repository/AlertBox/Page_Delete Customer/input_cusid' does not exist

2018-07-12 14:01:26 - [MESSAGE][WARNING] - Test object with id 'Object Repository/' does not exist

2018-07-12 14:01:26 - [MESSAGE][FAILED] - Unable to set text (Root cause: java.lang.IllegalArgumentException: Object is null)
[[ATTACHMENT|C:\\Users\\anamikamukhopadhyay\\Katalon Studio\\Demo_NTEG\\Reports\\NTEG Demo Test Suite\\20180712_140112\\1531384286793.png]]]]></system-out>
         <system-err><![CDATA[2018-07-12 14:01:15 - [TEST_CASE][FAILED] - Test Cases/NTEG Demo Test Cases/Alert Test Case/AlertPopup: Test Cases/NTEG Demo Test Cases/Alert Test Case/AlertPopup FAILED because (of) Unable to set text (Root cause: java.lang.IllegalArgumentException: Object is null)]]></system-err>
      </testcase>
      <testcase name="Test Cases/NTEG Demo Test Cases/DragAndDrop Test Case/DragandDrop Testcase" classname="Test Cases/NTEG Demo Test Cases/DragAndDrop Test Case/DragandDrop Testcase" status="FAILED">
         <failure type="FAILED" message="Unable to drag and drop to object (Root cause: java.lang.IllegalArgumentException: Source object is null)"/>
         <system-out><![CDATA[2018-07-12 14:01:26 - [TEST_CASE][FAILED] - Test Cases/NTEG Demo Test Cases/DragAndDrop Test Case/DragandDrop Testcase: Test Cases/NTEG Demo Test Cases/DragAndDrop Test Case/DragandDrop Testcase FAILED because (of) Unable to drag and drop to object (Root cause: java.lang.IllegalArgumentException: Source object is null)

2018-07-12 14:01:27 - [TEST_STEP][PASSED] - openBrowser: Browser is opened with url: ''

2018-07-12 14:01:27 - [MESSAGE][WARNING] - A browser is already opened. Closing browser and opening a new one

2018-07-12 14:01:34 - [MESSAGE][PASSED] - Browser is opened with url: ''

2018-07-12 14:01:34 - [TEST_STEP][PASSED] - navigateToUrl: Navigate to 'http://jqueryui.com/droppable/#default' successfully

2018-07-12 14:01:40 - [MESSAGE][PASSED] - Navigate to 'http://jqueryui.com/droppable/#default' successfully

2018-07-12 14:01:40 - [TEST_STEP][FAILED] - dragAndDropToObject: Unable to drag and drop to object (Root cause: java.lang.IllegalArgumentException: Source object is null)

2018-07-12 14:01:40 - [MESSAGE][WARNING] - Test object with id 'Object Repository/DragandDrop/Page_Droppable  jQuery UI (2)/div_Drag me to my target' does not exist

2018-07-12 14:01:40 - [MESSAGE][WARNING] - Test object with id 'Object Repository/DragandDrop/Page_Droppable  jQuery UI (2)/div_Drop here' does not exist

2018-07-12 14:01:40 - [MESSAGE][WARNING] - Test object with id 'Object Repository/' does not exist

2018-07-12 14:01:40 - [MESSAGE][WARNING] - Test object with id 'Object Repository/' does not exist

2018-07-12 14:01:41 - [MESSAGE][FAILED] - Unable to drag and drop to object (Root cause: java.lang.IllegalArgumentException: Source object is null)
[[ATTACHMENT|C:\\Users\\anamikamukhopadhyay\\Katalon Studio\\Demo_NTEG\\Reports\\NTEG Demo Test Suite\\20180712_140112\\1531384300660.png]]]]></system-out>
         <system-err><![CDATA[2018-07-12 14:01:26 - [TEST_CASE][FAILED] - Test Cases/NTEG Demo Test Cases/DragAndDrop Test Case/DragandDrop Testcase: Test Cases/NTEG Demo Test Cases/DragAndDrop Test Case/DragandDrop Testcase FAILED because (of) Unable to drag and drop to object (Root cause: java.lang.IllegalArgumentException: Source object is null)]]></system-err>
      </testcase>
      <testcase name="Test Cases/NTEG Demo Test Cases/iFrame Test Case/iFrame" classname="Test Cases/NTEG Demo Test Cases/iFrame Test Case/iFrame" status="FAILED">
         <failure type="FAILED" message="Unable to switch to iframe (Root cause: java.lang.NullPointerException)"/>
         <system-out><![CDATA[2018-07-12 14:01:41 - [TEST_CASE][FAILED] - Test Cases/NTEG Demo Test Cases/iFrame Test Case/iFrame: Test Cases/NTEG Demo Test Cases/iFrame Test Case/iFrame FAILED because (of) Unable to switch to iframe (Root cause: java.lang.NullPointerException)

2018-07-12 14:01:41 - [TEST_STEP][PASSED] - openBrowser: Browser is opened with url: ''

2018-07-12 14:01:41 - [MESSAGE][WARNING] - A browser is already opened. Closing browser and opening a new one

2018-07-12 14:01:49 - [MESSAGE][PASSED] - Browser is opened with url: ''

2018-07-12 14:01:49 - [TEST_STEP][PASSED] - navigateToUrl: Navigate to 'https://www.tutorialspoint.com/html/html_iframes.htm' successfully

2018-07-12 14:01:53 - [MESSAGE][PASSED] - Navigate to 'https://www.tutorialspoint.com/html/html_iframes.htm' successfully

2018-07-12 14:01:53 - [TEST_STEP][FAILED] - switchToFrame: Unable to switch to iframe (Root cause: java.lang.NullPointerException)

2018-07-12 14:01:53 - [MESSAGE][WARNING] - Test object with id 'Object Repository/Page_iFrame/Page_HTML Iframes/iframe_result' does not exist

2018-07-12 14:01:53 - [MESSAGE][WARNING] - Test object with id 'Object Repository/' does not exist

2018-07-12 14:01:55 - [MESSAGE][FAILED] - Unable to switch to iframe (Root cause: java.lang.NullPointerException)
[[ATTACHMENT|C:\\Users\\anamikamukhopadhyay\\Katalon Studio\\Demo_NTEG\\Reports\\NTEG Demo Test Suite\\20180712_140112\\1531384313416.png]]]]></system-out>
         <system-err><![CDATA[2018-07-12 14:01:41 - [TEST_CASE][FAILED] - Test Cases/NTEG Demo Test Cases/iFrame Test Case/iFrame: Test Cases/NTEG Demo Test Cases/iFrame Test Case/iFrame FAILED because (of) Unable to switch to iframe (Root cause: java.lang.NullPointerException)]]></system-err>
      </testcase>
      <testcase name="Test Cases/NTEG Demo Test Cases/WindowsPopup Test Case/WindowsPopup" classname="Test Cases/NTEG Demo Test Cases/WindowsPopup Test Case/WindowsPopup" status="FAILED">
         <failure type="FAILED" message="Unable to click on object (Root cause: java.lang.IllegalArgumentException: Object is null)"/>
         <system-out><![CDATA[2018-07-12 14:01:55 - [TEST_CASE][FAILED] - Test Cases/NTEG Demo Test Cases/WindowsPopup Test Case/WindowsPopup: Test Cases/NTEG Demo Test Cases/WindowsPopup Test Case/WindowsPopup FAILED because (of) Unable to click on object (Root cause: java.lang.IllegalArgumentException: Object is null)

2018-07-12 14:01:55 - [TEST_STEP][PASSED] - openBrowser: Browser is opened with url: ''

2018-07-12 14:01:55 - [MESSAGE][WARNING] - A browser is already opened. Closing browser and opening a new one

2018-07-12 14:02:03 - [MESSAGE][PASSED] - Browser is opened with url: ''

2018-07-12 14:02:03 - [TEST_STEP][PASSED] - navigateToUrl: Navigate to 'https://www.elated.com/articles/javascript-tabs/' successfully

2018-07-12 14:02:07 - [MESSAGE][PASSED] - Navigate to 'https://www.elated.com/articles/javascript-tabs/' successfully

2018-07-12 14:02:07 - [TEST_STEP][FAILED] - click: Unable to click on object (Root cause: java.lang.IllegalArgumentException: Object is null)

2018-07-12 14:02:07 - [MESSAGE][WARNING] - Test object with id 'Object Repository/Windowspopup/elated.com/twitter button' does not exist

2018-07-12 14:02:07 - [MESSAGE][WARNING] - Test object with id 'Object Repository/' does not exist

2018-07-12 14:02:10 - [MESSAGE][FAILED] - Unable to click on object (Root cause: java.lang.IllegalArgumentException: Object is null)
[[ATTACHMENT|C:\\Users\\anamikamukhopadhyay\\Katalon Studio\\Demo_NTEG\\Reports\\NTEG Demo Test Suite\\20180712_140112\\1531384327743.png]]]]></system-out>
         <system-err><![CDATA[2018-07-12 14:01:55 - [TEST_CASE][FAILED] - Test Cases/NTEG Demo Test Cases/WindowsPopup Test Case/WindowsPopup: Test Cases/NTEG Demo Test Cases/WindowsPopup Test Case/WindowsPopup FAILED because (of) Unable to click on object (Root cause: java.lang.IllegalArgumentException: Object is null)]]></system-err>
      </testcase>
      <system-out><![CDATA[2018-07-12 14:01:14 - [TEST_SUITE][FAILED] - NTEG Demo Test Suite: Test Cases/NTEG Demo Test Cases/Alert Test Case/AlertPopup FAILED because (of) Unable to set text (Root cause: java.lang.IllegalArgumentException: Object is null)]]></system-out>
      <system-err><![CDATA[2018-07-12 14:01:14 - [TEST_SUITE][FAILED] - NTEG Demo Test Suite: Test Cases/NTEG Demo Test Cases/Alert Test Case/AlertPopup FAILED because (of) Unable to set text (Root cause: java.lang.IllegalArgumentException: Object is null)]]></system-err>
   </testsuite>
</testsuites>
